c:\projekty\kvc\kvcstrm\x64\release\vc145.pdb
c:\projekty\kvc\kvcstrm\x64\release\kvcstrm.obj
c:\projekty\kvc\x64\release\kvcstrm\kvcstrm.cat
c:\projekty\kvc\x64\release\kvcstrm.sys
c:\projekty\kvc\x64\release\kvcstrm.pdb
c:\projekty\kvc\kvcstrm\x64\release\kvcstrm.res
c:\projekty\kvc\kvcstrm\x64\release\kvcstrm.inf
c:\projekty\kvc\x64\release\kvcstrm.inf
c:\projekty\kvc\kvcstrm\x64\release\kvcstrm.tlog\cl.command.1.tlog
c:\projekty\kvc\kvcstrm\x64\release\kvcstrm.tlog\cl.items.tlog
c:\projekty\kvc\kvcstrm\x64\release\kvcstrm.tlog\cl.read.1.tlog
c:\projekty\kvc\kvcstrm\x64\release\kvcstrm.tlog\cl.write.1.tlog
c:\projekty\kvc\kvcstrm\x64\release\kvcstrm.tlog\drvcat.command.1.tlog
c:\projekty\kvc\kvcstrm\x64\release\kvcstrm.tlog\drvcat.read.1.tlog
c:\projekty\kvc\kvcstrm\x64\release\kvcstrm.tlog\drvcat.write.1.tlog
c:\projekty\kvc\kvcstrm\x64\release\kvcstrm.tlog\inf2cat-expand.3788.read.1.tlog
c:\projekty\kvc\kvcstrm\x64\release\kvcstrm.tlog\inf2cat-expand.3788.write.1.tlog
c:\projekty\kvc\kvcstrm\x64\release\kvcstrm.tlog\inf2cat-expand.read.1.tlog
c:\projekty\kvc\kvcstrm\x64\release\kvcstrm.tlog\inf2cat-expand.write.1.tlog
c:\projekty\kvc\kvcstrm\x64\release\kvcstrm.tlog\inf2cat.command.1.tlog
c:\projekty\kvc\kvcstrm\x64\release\kvcstrm.tlog\inf2cat.read.1.tlog
c:\projekty\kvc\kvcstrm\x64\release\kvcstrm.tlog\inf2cat.write.1.tlog
c:\projekty\kvc\kvcstrm\x64\release\kvcstrm.tlog\link.command.1.tlog
c:\projekty\kvc\kvcstrm\x64\release\kvcstrm.tlog\link.read.1.tlog
c:\projekty\kvc\kvcstrm\x64\release\kvcstrm.tlog\link.secondary.1.tlog
c:\projekty\kvc\kvcstrm\x64\release\kvcstrm.tlog\link.write.1.tlog
c:\projekty\kvc\kvcstrm\x64\release\kvcstrm.tlog\rc.command.1.tlog
c:\projekty\kvc\kvcstrm\x64\release\kvcstrm.tlog\rc.read.1.tlog
c:\projekty\kvc\kvcstrm\x64\release\kvcstrm.tlog\rc.write.1.tlog
c:\projekty\kvc\kvcstrm\x64\release\kvcstrm.tlog\stampinf.command.1.tlog
c:\projekty\kvc\kvcstrm\x64\release\kvcstrm.tlog\stampinf.read.1.tlog
c:\projekty\kvc\kvcstrm\x64\release\kvcstrm.tlog\stampinf.write.1.tlog
